[21:02:42.329] Global cache location '/Users/peterchoi/Library/Caches/typescript/4.7', safe file path '/users/peterchoi/documents/projects/nx-ts-fp/rfiready/node_modules/typescript/lib/typingsafelist.json', types map path /users/peterchoi/documents/projects/nx-ts-fp/rfiready/node_modules/typescript/lib/typesmap.json
[21:02:42.330] Processing cache location '/Users/peterchoi/Library/Caches/typescript/4.7'
[21:02:42.330] Trying to find '/Users/peterchoi/Library/Caches/typescript/4.7/package.json'...
[21:02:42.334] Loaded content of '/Users/peterchoi/Library/Caches/typescript/4.7/package.json': {"private":true,"dependencies":{"types-registry":"^0.1.608"},"devDependencies":{"@types/babel__preset-env":"^7.9.2","@types/babel__register":"^7.17.0","@types/core-js":"^2.5.5","@types/eslint":"^8.4.6","@types/eslint-config-prettier":"^6.11.0","@types/eslint-plugin-prettier":"^3.1.0","@types/express":"^4.17.13","@types/ignore-styles":"^5.0.0","@types/jest":"^29.0.0","@types/jsdom":"^20.0.0","@types/noisejs":"^0.0.28","@types/prettier":"^2.7.0","@types/react":"^18.0.18","@types/react-beautiful-dnd":"^13.1.2","@types/react-dom":"^18.0.6","@types/react-helmet":"^6.1.5","@types/react-test-renderer":"^18.0.0","@types/regenerator-runtime":"^0.13.1","@types/styled-components":"^5.1.26","@types/testing-library__jest-dom":"^5.14.5"}}
[21:02:42.334] Loaded content of '/Users/peterchoi/Library/Caches/typescript/4.7/package-lock.json'
[21:02:42.345] Adding entry into typings cache: 'babel__preset-env' => '/Users/peterchoi/Library/Caches/typescript/4.7/node_modules/@types/babel__preset-env/index.d.ts'
[21:02:42.348] Adding entry into typings cache: 'babel__register' => '/Users/peterchoi/Library/Caches/typescript/4.7/node_modules/@types/babel__register/index.d.ts'
[21:02:42.353] Adding entry into typings cache: 'core-js' => '/Users/peterchoi/Library/Caches/typescript/4.7/node_modules/@types/core-js/index.d.ts'
[21:02:42.356] Adding entry into typings cache: 'eslint' => '/Users/peterchoi/Library/Caches/typescript/4.7/node_modules/@types/eslint/index.d.ts'
[21:02:42.357] Adding entry into typings cache: 'eslint-config-prettier' => '/Users/peterchoi/Library/Caches/typescript/4.7/node_modules/@types/eslint-config-prettier/index.d.ts'
[21:02:42.359] Adding entry into typings cache: 'eslint-plugin-prettier' => '/Users/peterchoi/Library/Caches/typescript/4.7/node_modules/@types/eslint-plugin-prettier/index.d.ts'
[21:02:42.362] Adding entry into typings cache: 'express' => '/Users/peterchoi/Library/Caches/typescript/4.7/node_modules/@types/express/index.d.ts'
[21:02:42.364] Adding entry into typings cache: 'ignore-styles' => '/Users/peterchoi/Library/Caches/typescript/4.7/node_modules/@types/ignore-styles/index.d.ts'
[21:02:42.371] Adding entry into typings cache: 'jest' => '/Users/peterchoi/Library/Caches/typescript/4.7/node_modules/@types/jest/index.d.ts'
[21:02:42.374] Adding entry into typings cache: 'jsdom' => '/Users/peterchoi/Library/Caches/typescript/4.7/node_modules/@types/jsdom/index.d.ts'
[21:02:42.377] Adding entry into typings cache: 'noisejs' => '/Users/peterchoi/Library/Caches/typescript/4.7/node_modules/@types/noisejs/index.d.ts'
[21:02:42.380] Adding entry into typings cache: 'prettier' => '/Users/peterchoi/Library/Caches/typescript/4.7/node_modules/@types/prettier/index.d.ts'
[21:02:42.384] Adding entry into typings cache: 'react' => '/Users/peterchoi/Library/Caches/typescript/4.7/node_modules/@types/react/index.d.ts'
[21:02:42.387] Adding entry into typings cache: 'react-beautiful-dnd' => '/Users/peterchoi/Library/Caches/typescript/4.7/node_modules/@types/react-beautiful-dnd/index.d.ts'
[21:02:42.390] Adding entry into typings cache: 'react-dom' => '/Users/peterchoi/Library/Caches/typescript/4.7/node_modules/@types/react-dom/index.d.ts'
[21:02:42.391] Adding entry into typings cache: 'react-helmet' => '/Users/peterchoi/Library/Caches/typescript/4.7/node_modules/@types/react-helmet/index.d.ts'
[21:02:42.394] Adding entry into typings cache: 'react-test-renderer' => '/Users/peterchoi/Library/Caches/typescript/4.7/node_modules/@types/react-test-renderer/index.d.ts'
[21:02:42.396] Adding entry into typings cache: 'regenerator-runtime' => '/Users/peterchoi/Library/Caches/typescript/4.7/node_modules/@types/regenerator-runtime/index.d.ts'
[21:02:42.399] Adding entry into typings cache: 'styled-components' => '/Users/peterchoi/Library/Caches/typescript/4.7/node_modules/@types/styled-components/index.d.ts'
[21:02:42.401] Adding entry into typings cache: 'testing-library__jest-dom' => '/Users/peterchoi/Library/Caches/typescript/4.7/node_modules/@types/testing-library__jest-dom/index.d.ts'
[21:02:42.401] Finished processing cache location '/Users/peterchoi/Library/Caches/typescript/4.7'
[21:02:42.401] Process id: 46060
[21:02:42.402] NPM location: /Users/peterchoi/.nvm/versions/node/v16.9.1/bin/npm (explicit '--npmLocation' not  provided)
[21:02:42.402] validateDefaultNpmLocation: false
[21:02:42.402] Npm config file: /Users/peterchoi/Library/Caches/typescript/4.7/package.json
[21:02:42.402] Updating types-registry npm package...
[21:02:42.402] Exec: /Users/peterchoi/.nvm/versions/node/v16.9.1/bin/npm install --ignore-scripts types-registry@latest
[21:02:44.110]     Succeeded. stdout:
    
    up to date, audited 97 packages in 1s

6 packages are looking for funding
  run `npm fund` for details

found 0 vulnerabilities

[21:02:44.110] Updated types-registry npm package
